[17, Kiara Caldwell, estándar, 474.0, 181, 8]
[72, Eleanor Bradshaw, conservador, 5000.0, 328, 6]
[72, Eleanor Bradshaw, conservador, 2832.0, 328, 6]
[36, tomates, 143.0, 294.0, 2013-09-14 21:17:36.000, 7]
[89, tomates, 333.0, 290.0, 2015-07-12 01:29:59.000, 4]
[86, platanos, 178.0, 202.0, 2015-08-31 15:49:03.000, 3]
[86, platanos, 178.0, 202.0, 2015-08-31 15:49:03.000, 8]
[89, tomates, 133.0, 290.0, 2015-07-12 01:29:59.000, 4]
[31, manguera, 2, 59]
[94, manguera, 10, 38]
[69, regadio, 1, 63]
[69, regadio, 1, 56]
[94, manguera, 6, 38]
[37, casa de madera, 227.0, 8]
[98, granja, 471.0, 70]
[98, granja, 371.0, 70]
[37, rural, 3, 659.0, 56]
[90, urbano, 7, 1942.0, 56]
[90, urbano, 7, 942.0, 56]
[10, 46, 0]
[10, 63, 0]
[13, 88, 0]
[14, 58, 0]
[14, 71, 0]
[15, 86, 0]
[17, 49, 0]
[17, 52, 0]
[18, 63, 0]
[19, 65, 0]
[19, 90, 0]
[20, 66, 0]
[20, 68, 0]
[20, 88, 0]
[21, 40, 0]
[21, 57, 0]
[21, 65, 0]
[22, 86, 0]
[26, 68, 0]
[28, 53, 0]
[28, 79, 0]
[28, 86, 0]
[31, 55, 0]
[32, 76, 0]
[32, 79, 0]
[34, 28, 0]
[34, 32, 0]
[34, 61, 0]
[35, 39, 0]
[35, 72, 0]
[36, 44, 0]
[36, 49, 0]
[38, 34, 0]
[41, 60, 0]
[44, 70, 0]
[45, 57, 0]
[45, 78, 0]
[46, 60, 0]
[49, 43, 0]
[50, 86, 0]
[52, 60, 0]
[54, 48, 0]
[54, 55, 0]
[54, 56, 0]
[55, 38, 0]
[55, 43, 0]
[55, 76, 0]
[55, 85, 0]
[59, 49, 0]
[64, 35, 0]
[68, 76, 0]
[15, 86, 100]
[10, 41, 0]
[13, 77, 0]
[14, 30, 0]
[15, 85, 0]
[17, 36, 0]
[18, 25, 0]
[19, 34, 0]
[20, 35, 0]
[21, 39, 0]
[22, 80, 0]
[26, 62, 0]
[28, 49, 0]
[31, 31, 0]
[32, 53, 0]
[34, 20, 0]
[35, 29, 0]
[36, 28, 0]
[38, 25, 0]
[41, 30, 0]
[44, 66, 0]
[45, 27, 0]
[46, 59, 0]
[49, 26, 0]
[50, 36, 0]
[52, 58, 0]
[54, 43, 0]
[55, 27, 0]
[59, 45, 0]
[64, 22, 0]
[68, 44, 0]
